<?xml version="1.0" encoding="UTF-8"?>
<!-- Generated by org.testng.reporters.JUnitXMLReporter -->
<testsuite ignored="0" hostname="LAPTOP-0NRTAQ65" failures="0" tests="1" name="Functional Testing1" time="0.672" errors="0" timestamp="16 Jun 2021 12:50:15 GMT">
  <testcase classname="com.qa.tests.TestBase" name="@BeforeClass setUp" time="0.0">
    <failure type="org.testng.TestNGException" message="
Parameter &amp;apos;url&amp;apos; is required by BeforeClass on method setUp but has not been marked @Optional or defined
in D:\EclipsTesting\FirstProject\testng.xml">
      <![CDATA[org.testng.TestNGException: 
Parameter 'url' is required by BeforeClass on method setUp but has not been marked @Optional or defined
in D:\EclipsTesting\FirstProject\testng.xml
... Removed 23 stack frames]]>
    </failure>
  </testcase> <!-- @BeforeClass setUp -->
  <testcase classname="com.qa.tests.TestBase" name="@AfterMethod teardown" time="0.0">
    <skipped/>
  </testcase> <!-- @AfterMethod teardown -->
  <testcase classname="com.qa.tests.destinationQA" name="CheckBoxes" time="0.0">
    <skipped/>
  </testcase> <!-- CheckBoxes -->
</testsuite> <!-- Functional Testing1 -->
