<?xml version="1.0" encoding="UTF-8"?>
<!-- Generated by org.testng.reporters.JUnitXMLReporter -->
<testsuite ignored="0" hostname="LAPTOP-0NRTAQ65" failures="0" tests="13" name="Test" time="0.104" errors="0" timestamp="12 Jun 2021 07:02:51 GMT">
  <testcase classname="testng.basefile" name="@BeforeClass setUp" time="0.0">
    <failure type="org.testng.TestNGException" message="
Parameter &amp;apos;Browser&amp;apos; is required by BeforeClass on method setUp but has not been marked @Optional or defined
in D:\EclipsTesting\FirstProject\testng.xml">
      <![CDATA[org.testng.TestNGException: 
Parameter 'Browser' is required by BeforeClass on method setUp but has not been marked @Optional or defined
in D:\EclipsTesting\FirstProject\testng.xml
... Removed 23 stack frames]]>
    </failure>
  </testcase> <!-- @BeforeClass setUp -->
  <testcase classname="testng.basefile" name="@AfterClass tearDown" time="0.0">
    <skipped/>
  </testcase> <!-- @AfterClass tearDown -->
  <testcase classname="testng.basefile" name="@BeforeClass setUp" time="0.0">
    <failure type="org.testng.TestNGException" message="
Parameter &amp;apos;Browser&amp;apos; is required by BeforeClass on method setUp but has not been marked @Optional or defined
in D:\EclipsTesting\FirstProject\testng.xml">
      <![CDATA[org.testng.TestNGException: 
Parameter 'Browser' is required by BeforeClass on method setUp but has not been marked @Optional or defined
in D:\EclipsTesting\FirstProject\testng.xml
... Removed 23 stack frames]]>
    </failure>
  </testcase> <!-- @BeforeClass setUp -->
  <testcase classname="testng.basefile" name="@AfterClass tearDown" time="0.0">
    <skipped/>
  </testcase> <!-- @AfterClass tearDown -->
  <testcase classname="testng.basefile" name="@BeforeClass setUp" time="0.0">
    <failure type="org.testng.TestNGException" message="
Parameter &amp;apos;Browser&amp;apos; is required by BeforeClass on method setUp but has not been marked @Optional or defined
in D:\EclipsTesting\FirstProject\testng.xml">
      <![CDATA[org.testng.TestNGException: 
Parameter 'Browser' is required by BeforeClass on method setUp but has not been marked @Optional or defined
in D:\EclipsTesting\FirstProject\testng.xml
... Removed 23 stack frames]]>
    </failure>
  </testcase> <!-- @BeforeClass setUp -->
  <testcase classname="testng.basefile" name="@AfterClass tearDown" time="0.0">
    <skipped/>
  </testcase> <!-- @AfterClass tearDown -->
  <testcase classname="testng.basefile" name="@BeforeClass setUp" time="0.0">
    <failure type="org.testng.TestNGException" message="
Parameter &amp;apos;Browser&amp;apos; is required by BeforeClass on method setUp but has not been marked @Optional or defined
in D:\EclipsTesting\FirstProject\testng.xml">
      <![CDATA[org.testng.TestNGException: 
Parameter 'Browser' is required by BeforeClass on method setUp but has not been marked @Optional or defined
in D:\EclipsTesting\FirstProject\testng.xml
... Removed 23 stack frames]]>
    </failure>
  </testcase> <!-- @BeforeClass setUp -->
  <testcase classname="testng.basefile" name="@AfterClass tearDown" time="0.0">
    <skipped/>
  </testcase> <!-- @AfterClass tearDown -->
  <testcase classname="testng.basefile" name="@BeforeClass setUp" time="0.0">
    <failure type="org.testng.TestNGException" message="
Parameter &amp;apos;Browser&amp;apos; is required by BeforeClass on method setUp but has not been marked @Optional or defined
in D:\EclipsTesting\FirstProject\testng.xml">
      <![CDATA[org.testng.TestNGException: 
Parameter 'Browser' is required by BeforeClass on method setUp but has not been marked @Optional or defined
in D:\EclipsTesting\FirstProject\testng.xml
... Removed 23 stack frames]]>
    </failure>
  </testcase> <!-- @BeforeClass setUp -->
  <testcase classname="testng.basefile" name="@AfterClass tearDown" time="0.0">
    <skipped/>
  </testcase> <!-- @AfterClass tearDown -->
  <testcase classname="testng.basefile" name="@BeforeClass setUp" time="0.0">
    <failure type="org.testng.TestNGException" message="
Parameter &amp;apos;Browser&amp;apos; is required by BeforeClass on method setUp but has not been marked @Optional or defined
in D:\EclipsTesting\FirstProject\testng.xml">
      <![CDATA[org.testng.TestNGException: 
Parameter 'Browser' is required by BeforeClass on method setUp but has not been marked @Optional or defined
in D:\EclipsTesting\FirstProject\testng.xml
... Removed 23 stack frames]]>
    </failure>
  </testcase> <!-- @BeforeClass setUp -->
  <testcase classname="testng.basefile" name="@AfterClass tearDown" time="0.0">
    <skipped/>
  </testcase> <!-- @AfterClass tearDown -->
  <testcase classname="testng.basefile" name="@BeforeClass setUp" time="0.0">
    <failure type="org.testng.TestNGException" message="
Parameter &amp;apos;Browser&amp;apos; is required by BeforeClass on method setUp but has not been marked @Optional or defined
in D:\EclipsTesting\FirstProject\testng.xml">
      <![CDATA[org.testng.TestNGException: 
Parameter 'Browser' is required by BeforeClass on method setUp but has not been marked @Optional or defined
in D:\EclipsTesting\FirstProject\testng.xml
... Removed 23 stack frames]]>
    </failure>
  </testcase> <!-- @BeforeClass setUp -->
  <testcase classname="testng.basefile" name="@AfterClass tearDown" time="0.0">
    <skipped/>
  </testcase> <!-- @AfterClass tearDown -->
  <testcase classname="testng.basefile" name="@BeforeClass setUp" time="0.0">
    <failure type="org.testng.TestNGException" message="
Parameter &amp;apos;Browser&amp;apos; is required by BeforeClass on method setUp but has not been marked @Optional or defined
in D:\EclipsTesting\FirstProject\testng.xml">
      <![CDATA[org.testng.TestNGException: 
Parameter 'Browser' is required by BeforeClass on method setUp but has not been marked @Optional or defined
in D:\EclipsTesting\FirstProject\testng.xml
... Removed 23 stack frames]]>
    </failure>
  </testcase> <!-- @BeforeClass setUp -->
  <testcase classname="testng.basefile" name="@AfterClass tearDown" time="0.0">
    <skipped/>
  </testcase> <!-- @AfterClass tearDown -->
  <testcase classname="testng.basefile" name="@BeforeClass setUp" time="0.0">
    <failure type="org.testng.TestNGException" message="
Parameter &amp;apos;Browser&amp;apos; is required by BeforeClass on method setUp but has not been marked @Optional or defined
in D:\EclipsTesting\FirstProject\testng.xml">
      <![CDATA[org.testng.TestNGException: 
Parameter 'Browser' is required by BeforeClass on method setUp but has not been marked @Optional or defined
in D:\EclipsTesting\FirstProject\testng.xml
... Removed 23 stack frames]]>
    </failure>
  </testcase> <!-- @BeforeClass setUp -->
  <testcase classname="testng.basefile" name="@AfterClass tearDown" time="0.0">
    <skipped/>
  </testcase> <!-- @AfterClass tearDown -->
  <testcase classname="testng.basefile" name="@BeforeClass setUp" time="0.0">
    <failure type="org.testng.TestNGException" message="
Parameter &amp;apos;Browser&amp;apos; is required by BeforeClass on method setUp but has not been marked @Optional or defined
in D:\EclipsTesting\FirstProject\testng.xml">
      <![CDATA[org.testng.TestNGException: 
Parameter 'Browser' is required by BeforeClass on method setUp but has not been marked @Optional or defined
in D:\EclipsTesting\FirstProject\testng.xml
... Removed 23 stack frames]]>
    </failure>
  </testcase> <!-- @BeforeClass setUp -->
  <testcase classname="testng.basefile" name="@AfterClass tearDown" time="0.0">
    <skipped/>
  </testcase> <!-- @AfterClass tearDown -->
  <testcase classname="testng.basefile" name="@BeforeClass setUp" time="0.0">
    <failure type="org.testng.TestNGException" message="
Parameter &amp;apos;Browser&amp;apos; is required by BeforeClass on method setUp but has not been marked @Optional or defined
in D:\EclipsTesting\FirstProject\testng.xml">
      <![CDATA[org.testng.TestNGException: 
Parameter 'Browser' is required by BeforeClass on method setUp but has not been marked @Optional or defined
in D:\EclipsTesting\FirstProject\testng.xml
... Removed 23 stack frames]]>
    </failure>
  </testcase> <!-- @BeforeClass setUp -->
  <testcase classname="testng.basefile" name="@AfterClass tearDown" time="0.0">
    <skipped/>
  </testcase> <!-- @AfterClass tearDown -->
  <testcase classname="testng.basefile" name="@BeforeClass setUp" time="0.0">
    <failure type="org.testng.TestNGException" message="
Parameter &amp;apos;Browser&amp;apos; is required by BeforeClass on method setUp but has not been marked @Optional or defined
in D:\EclipsTesting\FirstProject\testng.xml">
      <![CDATA[org.testng.TestNGException: 
Parameter 'Browser' is required by BeforeClass on method setUp but has not been marked @Optional or defined
in D:\EclipsTesting\FirstProject\testng.xml
... Removed 23 stack frames]]>
    </failure>
  </testcase> <!-- @BeforeClass setUp -->
  <testcase classname="testng.basefile" name="@AfterClass tearDown" time="0.0">
    <skipped/>
  </testcase> <!-- @AfterClass tearDown -->
  <testcase classname="testng.basefile" name="@BeforeClass setUp" time="0.0">
    <failure type="org.testng.TestNGException" message="
Parameter &amp;apos;Browser&amp;apos; is required by BeforeClass on method setUp but has not been marked @Optional or defined
in D:\EclipsTesting\FirstProject\testng.xml">
      <![CDATA[org.testng.TestNGException: 
Parameter 'Browser' is required by BeforeClass on method setUp but has not been marked @Optional or defined
in D:\EclipsTesting\FirstProject\testng.xml
... Removed 23 stack frames]]>
    </failure>
  </testcase> <!-- @BeforeClass setUp -->
  <testcase classname="testng.basefile" name="@AfterClass tearDown" time="0.0">
    <skipped/>
  </testcase> <!-- @AfterClass tearDown -->
  <testcase classname="testng.TC11" name="gmail" time="0.0">
    <skipped/>
  </testcase> <!-- gmail -->
  <testcase classname="testng.TC8" name="Departure" time="0.0">
    <skipped/>
  </testcase> <!-- Departure -->
  <testcase classname="testng.TC9" name="guru" time="0.0">
    <skipped/>
  </testcase> <!-- guru -->
  <testcase classname="testng.TC10" name="search" time="0.0">
    <skipped/>
  </testcase> <!-- search -->
  <testcase classname="testng.TC4" name="attribute" time="0.0">
    <skipped/>
  </testcase> <!-- attribute -->
  <testcase classname="testng.TC5" name="automation" time="0.0">
    <skipped/>
  </testcase> <!-- automation -->
  <testcase classname="testng.TC6" name="amazon" time="0.0">
    <skipped/>
  </testcase> <!-- amazon -->
  <testcase classname="testng.TCRedif" name="redif" time="0.0">
    <skipped/>
  </testcase> <!-- redif -->
  <testcase classname="testng.TC7" name="Book" time="0.0">
    <skipped/>
  </testcase> <!-- Book -->
  <testcase classname="testng.TC1" name="TCebay" time="0.0">
    <skipped/>
  </testcase> <!-- TCebay -->
  <testcase classname="testng.TC18" name="Indiasearch" time="0.0">
    <skipped/>
  </testcase> <!-- Indiasearch -->
  <testcase classname="testng.TC2" name="match" time="0.0">
    <skipped/>
  </testcase> <!-- match -->
  <testcase classname="testng.TC3" name="orangle" time="0.0">
    <skipped/>
  </testcase> <!-- orangle -->
</testsuite> <!-- Test -->
